d:\tmp\simpleapplication\simpleapplication\simpleapplication\x64\release\simpleapplication.pdb
d:\tmp\simpleapplication\simpleapplication\simpleapplication\x64\release\vector2d.obj
d:\tmp\simpleapplication\simpleapplication\simpleapplication\x64\release\triangle.obj
d:\tmp\simpleapplication\simpleapplication\simpleapplication\x64\release\trapeze.obj
d:\tmp\simpleapplication\simpleapplication\simpleapplication\x64\release\roundedrect.obj
d:\tmp\simpleapplication\simpleapplication\simpleapplication\x64\release\rectangle.obj
d:\tmp\simpleapplication\simpleapplication\simpleapplication\x64\release\point2d.obj
d:\tmp\simpleapplication\simpleapplication\simpleapplication\x64\release\figurefactory.obj
d:\tmp\simpleapplication\simpleapplication\simpleapplication\x64\release\ellipse.obj
d:\tmp\simpleapplication\simpleapplication\simpleapplication\x64\release\circle.obj
d:\tmp\simpleapplication\simpleapplication\simpleapplication\x64\release\boundingrect.obj
d:\tmp\simpleapplication\simpleapplication\simpleapplication\x64\release\abstractfigure.obj
d:\tmp\simpleapplication\simpleapplication\bin\x64\release\simpleapplication.lib
d:\tmp\simpleapplication\simpleapplication\simpleapplication\x64\release\vcpkg.applocal.log
d:\tmp\simpleapplication\simpleapplication\\bin\x64\release\simpleapplication.lib
d:\tmp\simpleapplication\simpleapplication\simpleapplication\x64\release\simpleap.c3d59d43.tlog\cl.command.1.tlog
d:\tmp\simpleapplication\simpleapplication\simpleapplication\x64\release\simpleap.c3d59d43.tlog\cl.read.1.tlog
d:\tmp\simpleapplication\simpleapplication\simpleapplication\x64\release\simpleap.c3d59d43.tlog\cl.write.1.tlog
d:\tmp\simpleapplication\simpleapplication\simpleapplication\x64\release\simpleap.c3d59d43.tlog\lib-link.read.1.tlog
d:\tmp\simpleapplication\simpleapplication\simpleapplication\x64\release\simpleap.c3d59d43.tlog\lib-link.write.1.tlog
d:\tmp\simpleapplication\simpleapplication\simpleapplication\x64\release\simpleap.c3d59d43.tlog\lib.command.1.tlog
d:\tmp\simpleapplication\simpleapplication\simpleapplication\x64\release\simpleap.c3d59d43.tlog\simpleapplication.write.1u.tlog
